Arguments: 
  /usr/bin/nodejs /usr/local/bin/yarn add vddl

PATH: 
  /mnt/c/Users/EIREXE/EIRPlanner/env/bin:/home/eirexe/bin:/home/eirexe/.local/bin:/usr/local/sbin:/usr/local/bin:/usr/sbin:/usr/bin:/sbin:/bin:/usr/games:/usr/local/games:/mnt/c/Windows/System32:/mnt/c/Windows:/mnt/c/Windows/System32/wbem:/mnt/c/Windows/System32/WindowsPowerShell/v1.0:/mnt/c/Windows/System32/OpenSSH:/mnt/c/Program Files (x86)/NVIDIA Corporation/PhysX/Common:/mnt/c/Program Files (x86)/Paragon Software/LinuxFS for Windows:/mnt/c/Users/EIREXE/AppData/Local/Microsoft/WindowsApps:/mnt/c/Users/EIREXE/AppData/Local/atom/bin:/snap/bin

Yarn version: 
  1.6.0

Node version: 
  4.2.6

Platform: 
  linux x64

Trace: 
  SyntaxError: /mnt/c/Users/EIREXE/EIRPlanner/package.json: Unexpected token }
      at Object.parse (native)
      at /usr/local/lib/node_modules/yarn/lib/cli.js:1130:59
      at next (native)
      at step (/usr/local/lib/node_modules/yarn/lib/cli.js:98:30)
      at /usr/local/lib/node_modules/yarn/lib/cli.js:109:13
      at run (/usr/local/lib/node_modules/yarn/lib/cli.js:100231:22)
      at /usr/local/lib/node_modules/yarn/lib/cli.js:100244:28
      at flush (/usr/local/lib/node_modules/yarn/lib/cli.js:99757:9)
      at nextTickCallbackWith0Args (node.js:419:9)
      at process._tickCallback (node.js:348:13)

npm manifest: 
  {
    "name": "eirplanner",
  }

yarn manifest: 
  No manifest

Lockfile: 
  No lockfile
